[0829/124139.570:ERROR:process_reader_win.cc(123)] NtOpenThread: {Access Denied} A process has requested access to an object, but has not been granted those access rights. (0xc0000022)
[0829/124140.367:ERROR:exception_snapshot_win.cc(99)] thread ID 4408 not found in process
[0829/124139.457:ERROR:process_reader_win.cc(123)] NtOpenThread: {Access Denied} A process has requested access to an object, but has not been granted those access rights. (0xc0000022)
[0829/124140.368:ERROR:exception_snapshot_win.cc(99)] thread ID 7748 not found in process
[0829/124140.380:ERROR:scoped_process_suspend.cc(40)] NtResumeProcess: An attempt was made to access an exiting process. (0xc000010a)
[0829/124140.381:ERROR:scoped_process_suspend.cc(40)] NtResumeProcess: An attempt was made to access an exiting process. (0xc000010a)
[0910/075615.774:ERROR:process_memory_win.cc(73)] ReadMemory at 0x233018c1810 of 32 bytes failed: Only part of a ReadProcessMemory or WriteProcessMemory request was completed. (0x12B)
[0910/075617.451:WARNING:pe_image_annotations_reader.cc(147)] could not read annotation at index 0 in C:\Program Files (x86)\Google\Chrome\Application\85.0.4183.83\chrome.dll
[0910/075617.452:ERROR:process_memory_win.cc(73)] ReadMemory at 0x7ffe49390000 of 64 bytes failed: Only part of a ReadProcessMemory or WriteProcessMemory request was completed. (0x12B)
[0910/075617.452:WARNING:pe_image_reader.cc(340)] could not read dos header from C:\WINDOWS\System32\WS2_32.dll
[0910/075617.452:ERROR:process_memory_win.cc(73)] ReadMemory at 0x7ffe49600000 of 64 bytes failed: Only part of a ReadProcessMemory or WriteProcessMemory request was completed. (0x12B)
[0910/075617.452:WARNING:pe_image_reader.cc(340)] could not read dos header from C:\WINDOWS\System32\OLEAUT32.dll
[0910/075617.452:ERROR:process_memory_win.cc(73)] ReadMemory at 0x7ffe47720000 of 64 bytes failed: Only part of a ReadProcessMemory or WriteProcessMemory request was completed. (0x12B)
[0910/075617.452:WARNING:pe_image_reader.cc(340)] could not read dos header from C:\WINDOWS\System32\msvcp_win.dll
[0910/075617.452:ERROR:process_memory_win.cc(73)] ReadMemory at 0x7ffe477e0000 of 64 bytes failed: Only part of a ReadProcessMemory or WriteProcessMemory request was completed. (0x12B)
[0910/075617.452:WARNING:pe_image_reader.cc(340)] could not read dos header from C:\WINDOWS\System32\ucrtbase.dll
[0910/075617.452:ERROR:process_memory_win.cc(73)] ReadMemory at 0x7ffe48390000 of 64 bytes failed: Only part of a ReadProcessMemory or WriteProcessMemory request was completed. (0x12B)
[0910/075617.452:WARNING:pe_image_reader.cc(340)] could not read dos header from C:\WINDOWS\System32\combase.dll
[0910/075617.452:ERROR:process_memory_win.cc(73)] ReadMemory at 0x7ffe46830000 of 64 bytes failed: Only part of a ReadProcessMemory or WriteProcessMemory request was completed. (0x12B)
[0910/075617.453:WARNING:pe_image_reader.cc(340)] could not read dos header from C:\WINDOWS\System32\WINTRUST.dll
[0910/075617.453:ERROR:process_memory_win.cc(73)] ReadMemory at 0x7ffe46750000 of 64 bytes failed: Only part of a ReadProcessMemory or WriteProcessMemory request was completed. (0x12B)
[0910/075617.453:WARNING:pe_image_reader.cc(340)] could not read dos header from C:\WINDOWS\System32\MSASN1.dll
[0910/075617.453:ERROR:process_memory_win.cc(73)] ReadMemory at 0x7ffe47320000 of 64 bytes failed: Only part of a ReadProcessMemory or WriteProcessMemory request was completed. (0x12B)
[0910/075617.453:WARNING:pe_image_reader.cc(340)] could not read dos header from C:\WINDOWS\System32\CRYPT32.dll
[0910/075617.453:ERROR:process_memory_win.cc(73)] ReadMemory at 0x7ffe45c20000 of 64 bytes failed: Only part of a ReadProcessMemory or WriteProcessMemory request was completed. (0x12B)
[0910/075617.453:WARNING:pe_image_reader.cc(340)] could not read dos header from C:\WINDOWS\SYSTEM32\IPHLPAPI.DLL
[0910/075617.453:ERROR:process_memory_win.cc(73)] ReadMemory at 0x7ffe43eb0000 of 64 bytes failed: Only part of a ReadProcessMemory or WriteProcessMemory request was completed. (0x12B)
[0910/075617.453:WARNING:pe_image_reader.cc(340)] could not read dos header from C:\WINDOWS\SYSTEM32\WINMM.dll
[0910/075617.482:ERROR:process_memory_win.cc(73)] ReadMemory at 0x7ffe2a6d0000 of 64 bytes failed: Only part of a ReadProcessMemory or WriteProcessMemory request was completed. (0x12B)
[0910/075617.482:WARNING:pe_image_reader.cc(340)] could not read dos header from C:\WINDOWS\SYSTEM32\UIAutomationCore.DLL
[0910/075617.482:ERROR:process_memory_win.cc(73)] ReadMemory at 0x7ffe338a0000 of 64 bytes failed: Only part of a ReadProcessMemory or WriteProcessMemory request was completed. (0x12B)
[0910/075617.482:WARNING:pe_image_reader.cc(340)] could not read dos header from C:\WINDOWS\SYSTEM32\Secur32.dll
[0910/075617.482:ERROR:process_memory_win.cc(73)] ReadMemory at 0x7ffe46600000 of 64 bytes failed: Only part of a ReadProcessMemory or WriteProcessMemory request was completed. (0x12B)
[0910/075617.483:WARNING:pe_image_reader.cc(340)] could not read dos header from C:\WINDOWS\SYSTEM32\USERENV.dll
[0910/075617.483:ERROR:process_memory_win.cc(73)] ReadMemory at 0x7ffe46720000 of 64 bytes failed: Only part of a ReadProcessMemory or WriteProcessMemory request was completed. (0x12B)
[0910/075617.483:WARNING:pe_image_reader.cc(340)] could not read dos header from C:\WINDOWS\System32\profapi.dll
[0910/075617.483:ERROR:process_memory_win.cc(73)] ReadMemory at 0x7ffe3bd30000 of 64 bytes failed: Only part of a ReadProcessMemory or WriteProcessMemory request was completed. (0x12B)
[0910/075617.483:WARNING:pe_image_reader.cc(340)] could not read dos header from C:\WINDOWS\SYSTEM32\DWrite.dll
[0910/075617.483:ERROR:process_memory_win.cc(73)] ReadMemory at 0x7ffe359f0000 of 64 bytes failed: Only part of a ReadProcessMemory or WriteProcessMemory request was completed. (0x12B)
[0910/075617.483:WARNING:pe_image_reader.cc(340)] could not read dos header from C:\WINDOWS\SYSTEM32\WINSPOOL.DRV
[0910/075617.483:ERROR:process_memory_win.cc(73)] ReadMemory at 0x7ffe46770000 of 64 bytes failed: Only part of a ReadProcessMemory or WriteProcessMemory request was completed. (0x12B)
[0910/075617.483:WARNING:pe_image_reader.cc(340)] could not read dos header from C:\WINDOWS\System32\kernel.appcore.dll
[0910/075617.483:ERROR:process_memory_win.cc(73)] ReadMemory at 0x7ffe478e0000 of 64 bytes failed: Only part of a ReadProcessMemory or WriteProcessMemory request was completed. (0x12B)
[0910/075617.483:WARNING:pe_image_reader.cc(340)] could not read dos header from C:\WINDOWS\System32\bcrypt.dll
[0910/075617.484:ERROR:process_memory_win.cc(73)] ReadMemory at 0x7ffe45030000 of 64 bytes failed: Only part of a ReadProcessMemory or WriteProcessMemory request was completed. (0x12B)
[0910/075617.484:WARNING:pe_image_reader.cc(340)] could not read dos header from C:\WINDOWS\SYSTEM32\dbghelp.dll
[0910/075617.484:ERROR:process_memory_win.cc(73)] ReadMemory at 0x7ffe408a0000 of 64 bytes failed: Only part of a ReadProcessMemory or WriteProcessMemory request was completed. (0x12B)
[0910/075617.484:WARNING:pe_image_reader.cc(340)] could not read dos header from C:\WINDOWS\SYSTEM32\WINHTTP.dll
[0910/075617.484:ERROR:process_memory_win.cc(73)] ReadMemory at 0x7ffe39250000 of 64 bytes failed: Only part of a ReadProcessMemory or WriteProcessMemory request was completed. (0x12B)
[0910/075617.484:WARNING:pe_image_reader.cc(340)] could not read dos header from C:\WINDOWS\SYSTEM32\dhcpcsvc.DLL
[0910/075617.485:ERROR:process_memory_win.cc(73)] ReadMemory at 0x7ffe47ad0000 of 64 bytes failed: Only part of a ReadProcessMemory or WriteProcessMemory request was completed. (0x12B)
[0910/075617.485:WARNING:pe_image_reader.cc(340)] could not read dos header from C:\WINDOWS\System32\NSI.dll
[0910/075617.485:ERROR:process_memory_win.cc(73)] ReadMemory at 0x7ffe43e80000 of 64 bytes failed: Only part of a ReadProcessMemory or WriteProcessMemory request was completed. (0x12B)
[0910/075617.485:WARNING:pe_image_reader.cc(340)] could not read dos header from C:\WINDOWS\SYSTEM32\WINMMBASE.dll
[0910/075617.485:ERROR:process_memory_win.cc(73)] ReadMemory at 0x7ffe467e0000 of 64 bytes failed: Only part of a ReadProcessMemory or WriteProcessMemory request was completed. (0x12B)
[0910/075617.485:WARNING:pe_image_reader.cc(340)] could not read dos header from C:\WINDOWS\System32\cfgmgr32.dll
[0910/075617.485:ERROR:process_memory_win.cc(73)] ReadMemory at 0x7ffe44210000 of 64 bytes failed: Only part of a ReadProcessMemory or WriteProcessMemory request was completed. (0x12B)
[0910/075617.485:WARNING:pe_image_reader.cc(340)] could not read dos header from C:\WINDOWS\SYSTEM32\PROPSYS.dll
[0910/075617.486:ERROR:process_memory_win.cc(73)] ReadMemory at 0x7ffe496d0000 of 64 bytes failed: Only part of a ReadProcessMemory or WriteProcessMemory request was completed. (0x12B)
[0910/075617.486:WARNING:pe_image_reader.cc(340)] could not read dos header from C:\WINDOWS\System32\shcore.dll
[0910/075617.486:ERROR:process_memory_win.cc(73)] ReadMemory at 0x7ffe46630000 of 64 bytes failed: Only part of a ReadProcessMemory or WriteProcessMemory request was completed. (0x12B)
[0910/075617.486:WARNING:pe_image_reader.cc(340)] could not read dos header from C:\WINDOWS\SYSTEM32\SSPICLI.DLL
[0910/075617.486:ERROR:process_memory_win.cc(73)] ReadMemory at 0x7ffe460e0000 of 64 bytes failed: Only part of a ReadProcessMemory or WriteProcessMemory request was completed. (0x12B)
[0910/075617.486:WARNING:pe_image_reader.cc(340)] could not read dos header from C:\WINDOWS\SYSTEM32\CRYPTBASE.DLL
[0910/075618.050:ERROR:process_memory_win.cc(73)] ReadMemory at 0x7ff7c57b0000 of 64 bytes failed: Only part of a ReadProcessMemory or WriteProcessMemory request was completed. (0x12B)
[0910/075618.050:WARNING:pe_image_reader.cc(340)] could not read dos header from C:\Program Files (x86)\Google\Chrome\Application\chrome.exe
[0910/075618.050:ERROR:process_memory_win.cc(73)] ReadMemory at 0x7ffe49860000 of 64 bytes failed: Only part of a ReadProcessMemory or WriteProcessMemory request was completed. (0x12B)
[0910/075618.050:WARNING:pe_image_reader.cc(340)] could not read dos header from C:\WINDOWS\SYSTEM32\ntdll.dll
[0910/075618.050:ERROR:process_memory_win.cc(73)] ReadMemory at 0x7ffe486d0000 of 64 bytes failed: Only part of a ReadProcessMemory or WriteProcessMemory request was completed. (0x12B)
[0910/075618.050:WARNING:pe_image_reader.cc(340)] could not read dos header from C:\WINDOWS\System32\KERNEL32.DLL
[0910/075618.050:ERROR:process_memory_win.cc(73)] ReadMemory at 0x7ffe47470000 of 64 bytes failed: Only part of a ReadProcessMemory or WriteProcessMemory request was completed. (0x12B)
[0910/075618.050:WARNING:pe_image_reader.cc(340)] could not read dos header from C:\WINDOWS\System32\KERNELBASE.dll
[0910/075618.050:ERROR:process_memory_win.cc(73)] ReadMemory at 0x7ffe1e1d0000 of 64 bytes failed: Only part of a ReadProcessMemory or WriteProcessMemory request was completed. (0x12B)
[0910/075618.050:WARNING:pe_image_reader.cc(340)] could not read dos header from C:\Program Files (x86)\Google\Chrome\Application\85.0.4183.83\chrome_elf.dll
[0910/075618.051:ERROR:process_memory_win.cc(73)] ReadMemory at 0x7ffe37cf0000 of 64 bytes failed: Only part of a ReadProcessMemory or WriteProcessMemory request was completed. (0x12B)
[0910/075618.051:WARNING:pe_image_reader.cc(340)] could not read dos header from C:\WINDOWS\SYSTEM32\VERSION.dll
[0910/075618.051:ERROR:process_memory_win.cc(73)] ReadMemory at 0x7ffe48a00000 of 64 bytes failed: Only part of a ReadProcessMemory or WriteProcessMemory request was completed. (0x12B)
[0910/075618.051:WARNING:pe_image_reader.cc(340)] could not read dos header from C:\WINDOWS\System32\msvcrt.dll
[0910/075618.051:ERROR:process_memory_win.cc(73)] ReadMemory at 0x7ffe46890000 of 64 bytes failed: Only part of a ReadProcessMemory or WriteProcessMemory request was completed. (0x12B)
[0910/075618.051:WARNING:pe_image_reader.cc(340)] could not read dos header from C:\WINDOWS\System32\bcryptPrimitives.dll
[0910/075618.051:ERROR:process_memory_win.cc(73)] ReadMemory at 0x7ffe48950000 of 64 bytes failed: Only part of a ReadProcessMemory or WriteProcessMemory request was completed. (0x12B)
[0910/075618.051:WARNING:pe_image_reader.cc(340)] could not read dos header from C:\WINDOWS\System32\ADVAPI32.dll
[0910/075618.051:ERROR:process_memory_win.cc(73)] ReadMemory at 0x7ffe49780000 of 64 bytes failed: Only part of a ReadProcessMemory or WriteProcessMemory request was completed. (0x12B)
[0910/075618.051:WARNING:pe_image_reader.cc(340)] could not read dos header from C:\WINDOWS\System32\sechost.dll
[0910/075618.052:ERROR:process_memory_win.cc(73)] ReadMemory at 0x7ffe48aa0000 of 64 bytes failed: Only part of a ReadProcessMemory or WriteProcessMemory request was completed. (0x12B)
[0910/075618.052:WARNING:pe_image_reader.cc(340)] could not read dos header from C:\WINDOWS\System32\RPCRT4.dll
[0910/075618.052:ERROR:process_memory_win.cc(73)] ReadMemory at 0x7ffe02fd0000 of 64 bytes failed: Only part of a ReadProcessMemory or WriteProcessMemory request was completed. (0x12B)
[0910/075618.052:WARNING:pe_image_reader.cc(340)] could not read dos header from C:\Program Files (x86)\Google\Chrome\Application\85.0.4183.83\chrome.dll
[0910/075618.052:ERROR:process_memory_win.cc(73)] ReadMemory at 0x7ffe49390000 of 64 bytes failed: Only part of a ReadProcessMemory or WriteProcessMemory request was completed. (0x12B)
[0910/075618.052:WARNING:pe_image_reader.cc(340)] could not read dos header from C:\WINDOWS\System32\WS2_32.dll
[0910/075618.052:ERROR:process_memory_win.cc(73)] ReadMemory at 0x7ffe49600000 of 64 bytes failed: Only part of a ReadProcessMemory or WriteProcessMemory request was completed. (0x12B)
[0910/075618.052:WARNING:pe_image_reader.cc(340)] could not read dos header from C:\WINDOWS\System32\OLEAUT32.dll
[0910/075618.052:ERROR:process_memory_win.cc(73)] ReadMemory at 0x7ffe47720000 of 64 bytes failed: Only part of a ReadProcessMemory or WriteProcessMemory request was completed. (0x12B)
[0910/075618.052:WARNING:pe_image_reader.cc(340)] could not read dos header from C:\WINDOWS\System32\msvcp_win.dll
[0910/075618.052:ERROR:process_memory_win.cc(73)] ReadMemory at 0x7ffe477e0000 of 64 bytes failed: Only part of a ReadProcessMemory or WriteProcessMemory request was completed. (0x12B)
[0910/075618.053:WARNING:pe_image_reader.cc(340)] could not read dos header from C:\WINDOWS\System32\ucrtbase.dll
[0910/075618.053:ERROR:process_memory_win.cc(73)] ReadMemory at 0x7ffe48390000 of 64 bytes failed: Only part of a ReadProcessMemory or WriteProcessMemory request was completed. (0x12B)
[0910/075618.053:WARNING:pe_image_reader.cc(340)] could not read dos header from C:\WINDOWS\System32\combase.dll
[0910/075618.053:ERROR:process_memory_win.cc(73)] ReadMemory at 0x7ffe46830000 of 64 bytes failed: Only part of a ReadProcessMemory or WriteProcessMemory request was completed. (0x12B)
[0910/075618.053:WARNING:pe_image_reader.cc(340)] could not read dos header from C:\WINDOWS\System32\WINTRUST.dll
[0910/075618.053:ERROR:process_memory_win.cc(73)] ReadMemory at 0x7ffe46750000 of 64 bytes failed: Only part of a ReadProcessMemory or WriteProcessMemory request was completed. (0x12B)
[0910/075618.053:WARNING:pe_image_reader.cc(340)] could not read dos header from C:\WINDOWS\System32\MSASN1.dll
[0910/075618.053:ERROR:process_memory_win.cc(73)] ReadMemory at 0x7ffe47320000 of 64 bytes failed: Only part of a ReadProcessMemory or WriteProcessMemory request was completed. (0x12B)
[0910/075618.053:WARNING:pe_image_reader.cc(340)] could not read dos header from C:\WINDOWS\System32\CRYPT32.dll
[0910/075618.053:ERROR:process_memory_win.cc(73)] ReadMemory at 0x7ffe45c20000 of 64 bytes failed: Only part of a ReadProcessMemory or WriteProcessMemory request was completed. (0x12B)
[0910/075618.053:WARNING:pe_image_reader.cc(340)] could not read dos header from C:\WINDOWS\SYSTEM32\IPHLPAPI.DLL
[0910/075618.054:ERROR:process_memory_win.cc(73)] ReadMemory at 0x7ffe43eb0000 of 64 bytes failed: Only part of a ReadProcessMemory or WriteProcessMemory request was completed. (0x12B)
[0910/075618.054:WARNING:pe_image_reader.cc(340)] could not read dos header from C:\WINDOWS\SYSTEM32\WINMM.dll
[0910/075618.054:ERROR:process_memory_win.cc(73)] ReadMemory at 0x7ffe2a6d0000 of 64 bytes failed: Only part of a ReadProcessMemory or WriteProcessMemory request was completed. (0x12B)
[0910/075618.054:WARNING:pe_image_reader.cc(340)] could not read dos header from C:\WINDOWS\SYSTEM32\UIAutomationCore.DLL
[0910/075618.054:ERROR:process_memory_win.cc(73)] ReadMemory at 0x7ffe338a0000 of 64 bytes failed: Only part of a ReadProcessMemory or WriteProcessMemory request was completed. (0x12B)
[0910/075618.054:WARNING:pe_image_reader.cc(340)] could not read dos header from C:\WINDOWS\SYSTEM32\Secur32.dll
[0910/075618.054:ERROR:process_memory_win.cc(73)] ReadMemory at 0x7ffe46600000 of 64 bytes failed: Only part of a ReadProcessMemory or WriteProcessMemory request was completed. (0x12B)
[0910/075618.054:WARNING:pe_image_reader.cc(340)] could not read dos header from C:\WINDOWS\SYSTEM32\USERENV.dll
[0910/075618.055:ERROR:process_memory_win.cc(73)] ReadMemory at 0x7ffe46720000 of 64 bytes failed: Only part of a ReadProcessMemory or WriteProcessMemory request was completed. (0x12B)
[0910/075618.055:WARNING:pe_image_reader.cc(340)] could not read dos header from C:\WINDOWS\System32\profapi.dll
[0910/075618.055:ERROR:process_memory_win.cc(73)] ReadMemory at 0x7ffe3bd30000 of 64 bytes failed: Only part of a ReadProcessMemory or WriteProcessMemory request was completed. (0x12B)
[0910/075618.055:WARNING:pe_image_reader.cc(340)] could not read dos header from C:\WINDOWS\SYSTEM32\DWrite.dll
[0910/075618.055:ERROR:process_memory_win.cc(73)] ReadMemory at 0x7ffe359f0000 of 64 bytes failed: Only part of a ReadProcessMemory or WriteProcessMemory request was completed. (0x12B)
[0910/075618.055:WARNING:pe_image_reader.cc(340)] could not read dos header from C:\WINDOWS\SYSTEM32\WINSPOOL.DRV
[0910/075618.055:ERROR:process_memory_win.cc(73)] ReadMemory at 0x7ffe46770000 of 64 bytes failed: Only part of a ReadProcessMemory or WriteProcessMemory request was completed. (0x12B)
[0910/075618.055:WARNING:pe_image_reader.cc(340)] could not read dos header from C:\WINDOWS\System32\kernel.appcore.dll
[0910/075618.056:ERROR:process_memory_win.cc(73)] ReadMemory at 0x7ffe478e0000 of 64 bytes failed: Only part of a ReadProcessMemory or WriteProcessMemory request was completed. (0x12B)
[0910/075618.056:WARNING:pe_image_reader.cc(340)] could not read dos header from C:\WINDOWS\System32\bcrypt.dll
[0910/075618.056:ERROR:process_memory_win.cc(73)] ReadMemory at 0x7ffe45030000 of 64 bytes failed: Only part of a ReadProcessMemory or WriteProcessMemory request was completed. (0x12B)
[0910/075618.056:WARNING:pe_image_reader.cc(340)] could not read dos header from C:\WINDOWS\SYSTEM32\dbghelp.dll
[0910/075618.056:ERROR:process_memory_win.cc(73)] ReadMemory at 0x7ffe408a0000 of 64 bytes failed: Only part of a ReadProcessMemory or WriteProcessMemory request was completed. (0x12B)
[0910/075618.056:WARNING:pe_image_reader.cc(340)] could not read dos header from C:\WINDOWS\SYSTEM32\WINHTTP.dll
[0910/075618.056:ERROR:process_memory_win.cc(73)] ReadMemory at 0x7ffe39250000 of 64 bytes failed: Only part of a ReadProcessMemory or WriteProcessMemory request was completed. (0x12B)
[0910/075618.056:WARNING:pe_image_reader.cc(340)] could not read dos header from C:\WINDOWS\SYSTEM32\dhcpcsvc.DLL
[0910/075618.056:ERROR:process_memory_win.cc(73)] ReadMemory at 0x7ffe47ad0000 of 64 bytes failed: Only part of a ReadProcessMemory or WriteProcessMemory request was completed. (0x12B)
[0910/075618.056:WARNING:pe_image_reader.cc(340)] could not read dos header from C:\WINDOWS\System32\NSI.dll
[0910/075618.057:ERROR:process_memory_win.cc(73)] ReadMemory at 0x7ffe43e80000 of 64 bytes failed: Only part of a ReadProcessMemory or WriteProcessMemory request was completed. (0x12B)
[0910/075618.057:WARNING:pe_image_reader.cc(340)] could not read dos header from C:\WINDOWS\SYSTEM32\WINMMBASE.dll
[0910/075618.057:ERROR:process_memory_win.cc(73)] ReadMemory at 0x7ffe467e0000 of 64 bytes failed: Only part of a ReadProcessMemory or WriteProcessMemory request was completed. (0x12B)
[0910/075618.057:WARNING:pe_image_reader.cc(340)] could not read dos header from C:\WINDOWS\System32\cfgmgr32.dll
[0910/075618.057:ERROR:process_memory_win.cc(73)] ReadMemory at 0x7ffe44210000 of 64 bytes failed: Only part of a ReadProcessMemory or WriteProcessMemory request was completed. (0x12B)
[0910/075618.057:WARNING:pe_image_reader.cc(340)] could not read dos header from C:\WINDOWS\SYSTEM32\PROPSYS.dll
[0910/075618.057:ERROR:process_memory_win.cc(73)] ReadMemory at 0x7ffe496d0000 of 64 bytes failed: Only part of a ReadProcessMemory or WriteProcessMemory request was completed. (0x12B)
[0910/075618.057:WARNING:pe_image_reader.cc(340)] could not read dos header from C:\WINDOWS\System32\shcore.dll
[0910/075618.057:ERROR:process_memory_win.cc(73)] ReadMemory at 0x7ffe46630000 of 64 bytes failed: Only part of a ReadProcessMemory or WriteProcessMemory request was completed. (0x12B)
[0910/075618.058:WARNING:pe_image_reader.cc(340)] could not read dos header from C:\WINDOWS\SYSTEM32\SSPICLI.DLL
[0910/075618.058:ERROR:process_memory_win.cc(73)] ReadMemory at 0x7ffe460e0000 of 64 bytes failed: Only part of a ReadProcessMemory or WriteProcessMemory request was completed. (0x12B)
[0910/075618.058:WARNING:pe_image_reader.cc(340)] could not read dos header from C:\WINDOWS\SYSTEM32\CRYPTBASE.DLL
[0910/075618.058:ERROR:process_memory_win.cc(73)] ReadMemory at 0x7ff7c57b0000 of 64 bytes failed: Only part of a ReadProcessMemory or WriteProcessMemory request was completed. (0x12B)
[0910/075618.058:WARNING:pe_image_reader.cc(340)] could not read dos header from C:\Program Files (x86)\Google\Chrome\Application\chrome.exe
[0910/075618.058:ERROR:process_memory_win.cc(73)] ReadMemory at 0x7ffe49860000 of 64 bytes failed: Only part of a ReadProcessMemory or WriteProcessMemory request was completed. (0x12B)
[0910/075618.058:WARNING:pe_image_reader.cc(340)] could not read dos header from C:\WINDOWS\SYSTEM32\ntdll.dll
[0910/075618.058:ERROR:process_memory_win.cc(73)] ReadMemory at 0x7ffe486d0000 of 64 bytes failed: Only part of a ReadProcessMemory or WriteProcessMemory request was completed. (0x12B)
[0910/075618.058:WARNING:pe_image_reader.cc(340)] could not read dos header from C:\WINDOWS\System32\KERNEL32.DLL
[0910/075618.058:ERROR:process_memory_win.cc(73)] ReadMemory at 0x7ffe47470000 of 64 bytes failed: Only part of a ReadProcessMemory or WriteProcessMemory request was completed. (0x12B)
[0910/075618.059:WARNING:pe_image_reader.cc(340)] could not read dos header from C:\WINDOWS\System32\KERNELBASE.dll
[0910/075618.059:ERROR:process_memory_win.cc(73)] ReadMemory at 0x7ffe1e1d0000 of 64 bytes failed: Only part of a ReadProcessMemory or WriteProcessMemory request was completed. (0x12B)
[0910/075618.059:WARNING:pe_image_reader.cc(340)] could not read dos header from C:\Program Files (x86)\Google\Chrome\Application\85.0.4183.83\chrome_elf.dll
[0910/075618.059:ERROR:process_memory_win.cc(73)] ReadMemory at 0x7ffe37cf0000 of 64 bytes failed: Only part of a ReadProcessMemory or WriteProcessMemory request was completed. (0x12B)
[0910/075618.059:WARNING:pe_image_reader.cc(340)] could not read dos header from C:\WINDOWS\SYSTEM32\VERSION.dll
[0910/075618.059:ERROR:process_memory_win.cc(73)] ReadMemory at 0x7ffe48a00000 of 64 bytes failed: Only part of a ReadProcessMemory or WriteProcessMemory request was completed. (0x12B)
[0910/075618.059:WARNING:pe_image_reader.cc(340)] could not read dos header from C:\WINDOWS\System32\msvcrt.dll
[0910/075618.059:ERROR:process_memory_win.cc(73)] ReadMemory at 0x7ffe46890000 of 64 bytes failed: Only part of a ReadProcessMemory or WriteProcessMemory request was completed. (0x12B)
[0910/075618.059:WARNING:pe_image_reader.cc(340)] could not read dos header from C:\WINDOWS\System32\bcryptPrimitives.dll
[0910/075618.059:ERROR:process_memory_win.cc(73)] ReadMemory at 0x7ffe48950000 of 64 bytes failed: Only part of a ReadProcessMemory or WriteProcessMemory request was completed. (0x12B)
[0910/075618.059:WARNING:pe_image_reader.cc(340)] could not read dos header from C:\WINDOWS\System32\ADVAPI32.dll
[0910/075618.060:ERROR:process_memory_win.cc(73)] ReadMemory at 0x7ffe49780000 of 64 bytes failed: Only part of a ReadProcessMemory or WriteProcessMemory request was completed. (0x12B)
[0910/075618.060:WARNING:pe_image_reader.cc(340)] could not read dos header from C:\WINDOWS\System32\sechost.dll
[0910/075618.060:ERROR:process_memory_win.cc(73)] ReadMemory at 0x7ffe48aa0000 of 64 bytes failed: Only part of a ReadProcessMemory or WriteProcessMemory request was completed. (0x12B)
[0910/075618.060:WARNING:pe_image_reader.cc(340)] could not read dos header from C:\WINDOWS\System32\RPCRT4.dll
[0910/075618.060:ERROR:process_memory_win.cc(73)] ReadMemory at 0x7ffe02fd0000 of 64 bytes failed: Only part of a ReadProcessMemory or WriteProcessMemory request was completed. (0x12B)
[0910/075618.060:WARNING:pe_image_reader.cc(340)] could not read dos header from C:\Program Files (x86)\Google\Chrome\Application\85.0.4183.83\chrome.dll
[0910/075618.060:ERROR:process_memory_win.cc(73)] ReadMemory at 0x7ffe49390000 of 64 bytes failed: Only part of a ReadProcessMemory or WriteProcessMemory request was completed. (0x12B)
[0910/075618.060:WARNING:pe_image_reader.cc(340)] could not read dos header from C:\WINDOWS\System32\WS2_32.dll
[0910/075618.060:ERROR:process_memory_win.cc(73)] ReadMemory at 0x7ffe49600000 of 64 bytes failed: Only part of a ReadProcessMemory or WriteProcessMemory request was completed. (0x12B)
[0910/075618.060:WARNING:pe_image_reader.cc(340)] could not read dos header from C:\WINDOWS\System32\OLEAUT32.dll
[0910/075618.061:ERROR:process_memory_win.cc(73)] ReadMemory at 0x7ffe47720000 of 64 bytes failed: Only part of a ReadProcessMemory or WriteProcessMemory request was completed. (0x12B)
[0910/075618.061:WARNING:pe_image_reader.cc(340)] could not read dos header from C:\WINDOWS\System32\msvcp_win.dll
[0910/075618.061:ERROR:process_memory_win.cc(73)] ReadMemory at 0x7ffe477e0000 of 64 bytes failed: Only part of a ReadProcessMemory or WriteProcessMemory request was completed. (0x12B)
[0910/075618.061:WARNING:pe_image_reader.cc(340)] could not read dos header from C:\WINDOWS\System32\ucrtbase.dll
[0910/075618.061:ERROR:process_memory_win.cc(73)] ReadMemory at 0x7ffe48390000 of 64 bytes failed: Only part of a ReadProcessMemory or WriteProcessMemory request was completed. (0x12B)
[0910/075618.061:WARNING:pe_image_reader.cc(340)] could not read dos header from C:\WINDOWS\System32\combase.dll
[0910/075618.061:ERROR:process_memory_win.cc(73)] ReadMemory at 0x7ffe46830000 of 64 bytes failed: Only part of a ReadProcessMemory or WriteProcessMemory request was completed. (0x12B)
[0910/075618.061:WARNING:pe_image_reader.cc(340)] could not read dos header from C:\WINDOWS\System32\WINTRUST.dll
[0910/075618.061:ERROR:process_memory_win.cc(73)] ReadMemory at 0x7ffe46750000 of 64 bytes failed: Only part of a ReadProcessMemory or WriteProcessMemory request was completed. (0x12B)
[0910/075618.061:WARNING:pe_image_reader.cc(340)] could not read dos header from C:\WINDOWS\System32\MSASN1.dll
[0910/075618.061:ERROR:process_memory_win.cc(73)] ReadMemory at 0x7ffe47320000 of 64 bytes failed: Only part of a ReadProcessMemory or WriteProcessMemory request was completed. (0x12B)
[0910/075618.062:WARNING:pe_image_reader.cc(340)] could not read dos header from C:\WINDOWS\System32\CRYPT32.dll
[0910/075618.062:ERROR:process_memory_win.cc(73)] ReadMemory at 0x7ffe45c20000 of 64 bytes failed: Only part of a ReadProcessMemory or WriteProcessMemory request was completed. (0x12B)
[0910/075618.062:WARNING:pe_image_reader.cc(340)] could not read dos header from C:\WINDOWS\SYSTEM32\IPHLPAPI.DLL
[0910/075618.062:ERROR:process_memory_win.cc(73)] ReadMemory at 0x7ffe43eb0000 of 64 bytes failed: Only part of a ReadProcessMemory or WriteProcessMemory request was completed. (0x12B)
[0910/075618.062:WARNING:pe_image_reader.cc(340)] could not read dos header from C:\WINDOWS\SYSTEM32\WINMM.dll
[0910/075618.062:ERROR:process_memory_win.cc(73)] ReadMemory at 0x7ffe2a6d0000 of 64 bytes failed: Only part of a ReadProcessMemory or WriteProcessMemory request was completed. (0x12B)
[0910/075618.062:WARNING:pe_image_reader.cc(340)] could not read dos header from C:\WINDOWS\SYSTEM32\UIAutomationCore.DLL
[0910/075618.062:ERROR:process_memory_win.cc(73)] ReadMemory at 0x7ffe338a0000 of 64 bytes failed: Only part of a ReadProcessMemory or WriteProcessMemory request was completed. (0x12B)
[0910/075618.062:WARNING:pe_image_reader.cc(340)] could not read dos header from C:\WINDOWS\SYSTEM32\Secur32.dll
[0910/075618.062:ERROR:process_memory_win.cc(73)] ReadMemory at 0x7ffe46600000 of 64 bytes failed: Only part of a ReadProcessMemory or WriteProcessMemory request was completed. (0x12B)
[0910/075618.062:WARNING:pe_image_reader.cc(340)] could not read dos header from C:\WINDOWS\SYSTEM32\USERENV.dll
[0910/075618.063:ERROR:process_memory_win.cc(73)] ReadMemory at 0x7ffe46720000 of 64 bytes failed: Only part of a ReadProcessMemory or WriteProcessMemory request was completed. (0x12B)
[0910/075618.063:WARNING:pe_image_reader.cc(340)] could not read dos header from C:\WINDOWS\System32\profapi.dll
[0910/075618.063:ERROR:process_memory_win.cc(73)] ReadMemory at 0x7ffe3bd30000 of 64 bytes failed: Only part of a ReadProcessMemory or WriteProcessMemory request was completed. (0x12B)
[0910/075618.063:WARNING:pe_image_reader.cc(340)] could not read dos header from C:\WINDOWS\SYSTEM32\DWrite.dll
[0910/075618.063:ERROR:process_memory_win.cc(73)] ReadMemory at 0x7ffe359f0000 of 64 bytes failed: Only part of a ReadProcessMemory or WriteProcessMemory request was completed. (0x12B)
[0910/075618.063:WARNING:pe_image_reader.cc(340)] could not read dos header from C:\WINDOWS\SYSTEM32\WINSPOOL.DRV
[0910/075618.063:ERROR:process_memory_win.cc(73)] ReadMemory at 0x7ffe46770000 of 64 bytes failed: Only part of a ReadProcessMemory or WriteProcessMemory request was completed. (0x12B)
[0910/075618.063:WARNING:pe_image_reader.cc(340)] could not read dos header from C:\WINDOWS\System32\kernel.appcore.dll
[0910/075618.063:ERROR:process_memory_win.cc(73)] ReadMemory at 0x7ffe478e0000 of 64 bytes failed: Only part of a ReadProcessMemory or WriteProcessMemory request was completed. (0x12B)
[0910/075618.063:WARNING:pe_image_reader.cc(340)] could not read dos header from C:\WINDOWS\System32\bcrypt.dll
[0910/075618.064:ERROR:process_memory_win.cc(73)] ReadMemory at 0x7ffe45030000 of 64 bytes failed: Only part of a ReadProcessMemory or WriteProcessMemory request was completed. (0x12B)
[0910/075618.064:WARNING:pe_image_reader.cc(340)] could not read dos header from C:\WINDOWS\SYSTEM32\dbghelp.dll
[0910/075618.064:ERROR:process_memory_win.cc(73)] ReadMemory at 0x7ffe408a0000 of 64 bytes failed: Only part of a ReadProcessMemory or WriteProcessMemory request was completed. (0x12B)
[0910/075618.064:WARNING:pe_image_reader.cc(340)] could not read dos header from C:\WINDOWS\SYSTEM32\WINHTTP.dll
[0910/075618.064:ERROR:process_memory_win.cc(73)] ReadMemory at 0x7ffe39250000 of 64 bytes failed: Only part of a ReadProcessMemory or WriteProcessMemory request was completed. (0x12B)
[0910/075618.064:WARNING:pe_image_reader.cc(340)] could not read dos header from C:\WINDOWS\SYSTEM32\dhcpcsvc.DLL
[0910/075618.064:ERROR:process_memory_win.cc(73)] ReadMemory at 0x7ffe47ad0000 of 64 bytes failed: Only part of a ReadProcessMemory or WriteProcessMemory request was completed. (0x12B)
[0910/075618.064:WARNING:pe_image_reader.cc(340)] could not read dos header from C:\WINDOWS\System32\NSI.dll
[0910/075618.064:ERROR:process_memory_win.cc(73)] ReadMemory at 0x7ffe43e80000 of 64 bytes failed: Only part of a ReadProcessMemory or WriteProcessMemory request was completed. (0x12B)
[0910/075618.064:WARNING:pe_image_reader.cc(340)] could not read dos header from C:\WINDOWS\SYSTEM32\WINMMBASE.dll
[0910/075618.064:ERROR:process_memory_win.cc(73)] ReadMemory at 0x7ffe467e0000 of 64 bytes failed: Only part of a ReadProcessMemory or WriteProcessMemory request was completed. (0x12B)
[0910/075618.065:WARNING:pe_image_reader.cc(340)] could not read dos header from C:\WINDOWS\System32\cfgmgr32.dll
[0910/075618.065:ERROR:process_memory_win.cc(73)] ReadMemory at 0x7ffe44210000 of 64 bytes failed: Only part of a ReadProcessMemory or WriteProcessMemory request was completed. (0x12B)
[0910/075618.065:WARNING:pe_image_reader.cc(340)] could not read dos header from C:\WINDOWS\SYSTEM32\PROPSYS.dll
[0910/075618.065:ERROR:process_memory_win.cc(73)] ReadMemory at 0x7ffe496d0000 of 64 bytes failed: Only part of a ReadProcessMemory or WriteProcessMemory request was completed. (0x12B)
[0910/075618.065:WARNING:pe_image_reader.cc(340)] could not read dos header from C:\WINDOWS\System32\shcore.dll
[0910/075618.065:ERROR:process_memory_win.cc(73)] ReadMemory at 0x7ffe46630000 of 64 bytes failed: Only part of a ReadProcessMemory or WriteProcessMemory request was completed. (0x12B)
[0910/075618.065:WARNING:pe_image_reader.cc(340)] could not read dos header from C:\WINDOWS\SYSTEM32\SSPICLI.DLL
[0910/075618.065:ERROR:process_memory_win.cc(73)] ReadMemory at 0x7ffe460e0000 of 64 bytes failed: Only part of a ReadProcessMemory or WriteProcessMemory request was completed. (0x12B)
[0910/075618.066:WARNING:pe_image_reader.cc(340)] could not read dos header from C:\WINDOWS\SYSTEM32\CRYPTBASE.DLL
[0910/075618.272:ERROR:process_memory_win.cc(73)] ReadMemory at 0x73129ee000 of 73728 bytes failed: Only part of a ReadProcessMemory or WriteProcessMemory request was completed. (0x12B)
[0910/075618.272:ERROR:process_memory_win.cc(73)] ReadMemory at 0x73131fd000 of 12288 bytes failed: Only part of a ReadProcessMemory or WriteProcessMemory request was completed. (0x12B)
[0910/075618.273:ERROR:process_memory_win.cc(73)] ReadMemory at 0x73139f9000 of 28672 bytes failed: Only part of a ReadProcessMemory or WriteProcessMemory request was completed. (0x12B)
[0910/075618.273:ERROR:process_memory_win.cc(73)] ReadMemory at 0x73141fd000 of 12288 bytes failed: Only part of a ReadProcessMemory or WriteProcessMemory request was completed. (0x12B)
[0910/075618.273:ERROR:process_memory_win.cc(73)] ReadMemory at 0x73149fc000 of 16384 bytes failed: Only part of a ReadProcessMemory or WriteProcessMemory request was completed. (0x12B)
[0910/075618.273:ERROR:process_memory_win.cc(73)] ReadMemory at 0x73151ff000 of 4096 bytes failed: Only part of a ReadProcessMemory or WriteProcessMemory request was completed. (0x12B)
[0910/075618.274:ERROR:process_memory_win.cc(73)] ReadMemory at 0x73159fd000 of 12288 bytes failed: Only part of a ReadProcessMemory or WriteProcessMemory request was completed. (0x12B)
[0910/075618.274:ERROR:process_memory_win.cc(73)] ReadMemory at 0x73161fc000 of 16384 bytes failed: Only part of a ReadProcessMemory or WriteProcessMemory request was completed. (0x12B)
[0910/075618.274:ERROR:process_memory_win.cc(73)] ReadMemory at 0x73169fd000 of 12288 bytes failed: Only part of a ReadProcessMemory or WriteProcessMemory request was completed. (0x12B)
[0910/075618.274:ERROR:process_memory_win.cc(73)] ReadMemory at 0x73171fd000 of 12288 bytes failed: Only part of a ReadProcessMemory or WriteProcessMemory request was completed. (0x12B)
[0910/075618.274:ERROR:process_memory_win.cc(73)] ReadMemory at 0x73179fd000 of 12288 bytes failed: Only part of a ReadProcessMemory or WriteProcessMemory request was completed. (0x12B)
[0910/075618.275:ERROR:process_memory_win.cc(73)] ReadMemory at 0x73181f6000 of 40960 bytes failed: Only part of a ReadProcessMemory or WriteProcessMemory request was completed. (0x12B)
[0910/075618.275:ERROR:process_memory_win.cc(73)] ReadMemory at 0x73189fd000 of 12288 bytes failed: Only part of a ReadProcessMemory or WriteProcessMemory request was completed. (0x12B)
[0910/075618.275:ERROR:process_memory_win.cc(73)] ReadMemory at 0x73191ff000 of 4096 bytes failed: Only part of a ReadProcessMemory or WriteProcessMemory request was completed. (0x12B)
[0910/075618.275:ERROR:process_memory_win.cc(73)] ReadMemory at 0x7312093000 of 852 bytes failed: Only part of a ReadProcessMemory or WriteProcessMemory request was completed. (0x12B)
[0910/075618.276:ERROR:process_memory_win.cc(73)] ReadMemory at 0x7312094000 of 6024 bytes failed: Only part of a ReadProcessMemory or WriteProcessMemory request was completed. (0x12B)
[0910/075618.276:ERROR:process_memory_win.cc(73)] ReadMemory at 0x7312096000 of 6024 bytes failed: Only part of a ReadProcessMemory or WriteProcessMemory request was completed. (0x12B)
[0910/075618.276:ERROR:process_memory_win.cc(73)] ReadMemory at 0x7312098000 of 6024 bytes failed: Only part of a ReadProcessMemory or WriteProcessMemory request was completed. (0x12B)
[0910/075618.276:ERROR:process_memory_win.cc(73)] ReadMemory at 0x731209a000 of 6024 bytes failed: Only part of a ReadProcessMemory or WriteProcessMemory request was completed. (0x12B)
[0910/075618.276:ERROR:process_memory_win.cc(73)] ReadMemory at 0x731209c000 of 6024 bytes failed: Only part of a ReadProcessMemory or WriteProcessMemory request was completed. (0x12B)
[0910/075618.277:ERROR:process_memory_win.cc(73)] ReadMemory at 0x731209e000 of 6024 bytes failed: Only part of a ReadProcessMemory or WriteProcessMemory request was completed. (0x12B)
[0910/075618.277:ERROR:process_memory_win.cc(73)] ReadMemory at 0x73120a0000 of 6024 bytes failed: Only part of a ReadProcessMemory or WriteProcessMemory request was completed. (0x12B)
[0910/075618.277:ERROR:process_memory_win.cc(73)] ReadMemory at 0x73120a2000 of 6024 bytes failed: Only part of a ReadProcessMemory or WriteProcessMemory request was completed. (0x12B)
[0910/075618.277:ERROR:process_memory_win.cc(73)] ReadMemory at 0x73120a4000 of 6024 bytes failed: Only part of a ReadProcessMemory or WriteProcessMemory request was completed. (0x12B)
[0910/075618.278:ERROR:process_memory_win.cc(73)] ReadMemory at 0x73120a6000 of 6024 bytes failed: Only part of a ReadProcessMemory or WriteProcessMemory request was completed. (0x12B)
[0910/075618.278:ERROR:process_memory_win.cc(73)] ReadMemory at 0x73120a8000 of 6024 bytes failed: Only part of a ReadProcessMemory or WriteProcessMemory request was completed. (0x12B)
[0910/075618.278:ERROR:process_memory_win.cc(73)] ReadMemory at 0x73120aa000 of 6024 bytes failed: Only part of a ReadProcessMemory or WriteProcessMemory request was completed. (0x12B)
[0910/075618.278:ERROR:process_memory_win.cc(73)] ReadMemory at 0x73120ac000 of 6024 bytes failed: Only part of a ReadProcessMemory or WriteProcessMemory request was completed. (0x12B)
[0910/075618.278:ERROR:process_memory_win.cc(73)] ReadMemory at 0x73120b0000 of 6024 bytes failed: Only part of a ReadProcessMemory or WriteProcessMemory request was completed. (0x12B)
[0910/075618.279:ERROR:process_memory_win.cc(73)] ReadMemory at 0x233014241e0 of 512 bytes failed: Only part of a ReadProcessMemory or WriteProcessMemory request was completed. (0x12B)
[0910/075618.279:ERROR:process_memory_win.cc(73)] ReadMemory at 0x23301427920 of 512 bytes failed: Only part of a ReadProcessMemory or WriteProcessMemory request was completed. (0x12B)
[0910/075618.279:ERROR:process_memory_win.cc(73)] ReadMemory at 0x23301428e88 of 512 bytes failed: Only part of a ReadProcessMemory or WriteProcessMemory request was completed. (0x12B)
[0910/075618.279:ERROR:process_memory_win.cc(73)] ReadMemory at 0x2330142adc0 of 512 bytes failed: Only part of a ReadProcessMemory or WriteProcessMemory request was completed. (0x12B)
[0910/075618.279:ERROR:process_memory_win.cc(73)] ReadMemory at 0x2330142e054 of 862 bytes failed: Only part of a ReadProcessMemory or WriteProcessMemory request was completed. (0x12B)
[0910/075618.280:ERROR:process_memory_win.cc(73)] ReadMemory at 0x233014bb710 of 512 bytes failed: Only part of a ReadProcessMemory or WriteProcessMemory request was completed. (0x12B)
[0910/075618.280:ERROR:process_memory_win.cc(73)] ReadMemory at 0x233014e2050 of 512 bytes failed: Only part of a ReadProcessMemory or WriteProcessMemory request was completed. (0x12B)
[0910/075618.281:ERROR:process_memory_win.cc(73)] ReadMemory at 0x23301857fc0 of 512 bytes failed: Only part of a ReadProcessMemory or WriteProcessMemory request was completed. (0x12B)
[0910/075618.281:ERROR:process_memory_win.cc(73)] ReadMemory at 0x2330188a5f8 of 512 bytes failed: Only part of a ReadProcessMemory or WriteProcessMemory request was completed. (0x12B)
[0910/075618.281:ERROR:process_memory_win.cc(73)] ReadMemory at 0x2330188d080 of 512 bytes failed: Only part of a ReadProcessMemory or WriteProcessMemory request was completed. (0x12B)
[0910/075618.281:ERROR:process_memory_win.cc(73)] ReadMemory at 0x233018bdfa0 of 512 bytes failed: Only part of a ReadProcessMemory or WriteProcessMemory request was completed. (0x12B)
[0910/075618.281:ERROR:process_memory_win.cc(73)] ReadMemory at 0x233798b0fe0 of 17134 bytes failed: Only part of a ReadProcessMemory or WriteProcessMemory request was completed. (0x12B)
[0910/075618.282:ERROR:process_memory_win.cc(73)] ReadMemory at 0x233798b52e0 of 1012 bytes failed: Only part of a ReadProcessMemory or WriteProcessMemory request was completed. (0x12B)
[0910/075618.282:ERROR:process_memory_win.cc(73)] ReadMemory at 0x233798b5928 of 118 bytes failed: Only part of a ReadProcessMemory or WriteProcessMemory request was completed. (0x12B)
[0910/075618.282:ERROR:process_memory_win.cc(73)] ReadMemory at 0x233798b59a0 of 928 bytes failed: Only part of a ReadProcessMemory or WriteProcessMemory request was completed. (0x12B)
[0910/075618.283:ERROR:process_memory_win.cc(73)] ReadMemory at 0x233798b5d42 of 118 bytes failed: Only part of a ReadProcessMemory or WriteProcessMemory request was completed. (0x12B)
[0910/075618.283:ERROR:process_memory_win.cc(73)] ReadMemory at 0x233798b5dba of 98 bytes failed: Only part of a ReadProcessMemory or WriteProcessMemory request was completed. (0x12B)
[0910/075618.283:ERROR:process_memory_win.cc(73)] ReadMemory at 0x233798b5e30 of 58 bytes failed: Only part of a ReadProcessMemory or WriteProcessMemory request was completed. (0x12B)
[0910/075618.283:ERROR:process_memory_win.cc(73)] ReadMemory at 0x233798b5f30 of 132 bytes failed: Only part of a ReadProcessMemory or WriteProcessMemory request was completed. (0x12B)
[0910/075618.283:ERROR:process_memory_win.cc(73)] ReadMemory at 0x233798b60c0 of 132 bytes failed: Only part of a ReadProcessMemory or WriteProcessMemory request was completed. (0x12B)
[0910/075618.283:ERROR:process_memory_win.cc(73)] ReadMemory at 0x233798b6280 of 124 bytes failed: Only part of a ReadProcessMemory or WriteProcessMemory request was completed. (0x12B)
[0910/075618.284:ERROR:process_memory_win.cc(73)] ReadMemory at 0x233798b6660 of 132 bytes failed: Only part of a ReadProcessMemory or WriteProcessMemory request was completed. (0x12B)
[0910/075618.284:ERROR:process_memory_win.cc(73)] ReadMemory at 0x233798b67f0 of 64 bytes failed: Only part of a ReadProcessMemory or WriteProcessMemory request was completed. (0x12B)
[0910/075618.284:ERROR:process_memory_win.cc(73)] ReadMemory at 0x233798b6840 of 132 bytes failed: Only part of a ReadProcessMemory or WriteProcessMemory request was completed. (0x12B)
[0910/075618.284:ERROR:process_memory_win.cc(73)] ReadMemory at 0x233798b6c50 of 132 bytes failed: Only part of a ReadProcessMemory or WriteProcessMemory request was completed. (0x12B)
[0910/075618.284:ERROR:process_memory_win.cc(73)] ReadMemory at 0x233798b6de0 of 68 bytes failed: Only part of a ReadProcessMemory or WriteProcessMemory request was completed. (0x12B)
[0910/075618.285:ERROR:process_memory_win.cc(73)] ReadMemory at 0x233798b7fd0 of 132 bytes failed: Only part of a ReadProcessMemory or WriteProcessMemory request was completed. (0x12B)
[0910/075618.285:ERROR:process_memory_win.cc(73)] ReadMemory at 0x233798b8100 of 152 bytes failed: Only part of a ReadProcessMemory or WriteProcessMemory request was completed. (0x12B)
[0910/075618.285:ERROR:process_memory_win.cc(73)] ReadMemory at 0x233798b8ec0 of 62 bytes failed: Only part of a ReadProcessMemory or WriteProcessMemory request was completed. (0x12B)
[0910/075618.351:ERROR:process_memory_win.cc(73)] ReadMemory at 0x233798b9020 of 132 bytes failed: Only part of a ReadProcessMemory or WriteProcessMemory request was completed. (0x12B)
[0910/075618.352:ERROR:process_memory_win.cc(73)] ReadMemory at 0x233798b91b0 of 60 bytes failed: Only part of a ReadProcessMemory or WriteProcessMemory request was completed. (0x12B)
[0910/075618.353:ERROR:process_memory_win.cc(73)] ReadMemory at 0x233798c5df0 of 512 bytes failed: Only part of a ReadProcessMemory or WriteProcessMemory request was completed. (0x12B)
[0910/075618.354:ERROR:process_memory_win.cc(73)] ReadMemory at 0x233798c85a0 of 54 bytes failed: Only part of a ReadProcessMemory or WriteProcessMemory request was completed. (0x12B)
[0910/075618.354:ERROR:process_memory_win.cc(73)] ReadMemory at 0x233798c9990 of 80 bytes failed: Only part of a ReadProcessMemory or WriteProcessMemory request was completed. (0x12B)
[0910/075618.355:ERROR:process_memory_win.cc(73)] ReadMemory at 0x233798cc2a0 of 132 bytes failed: Only part of a ReadProcessMemory or WriteProcessMemory request was completed. (0x12B)
[0910/075618.356:ERROR:process_memory_win.cc(73)] ReadMemory at 0x233798cc3d0 of 144 bytes failed: Only part of a ReadProcessMemory or WriteProcessMemory request was completed. (0x12B)
[0910/075618.357:ERROR:process_memory_win.cc(73)] ReadMemory at 0x233798cc600 of 132 bytes failed: Only part of a ReadProcessMemory or WriteProcessMemory request was completed. (0x12B)
[0910/075618.358:ERROR:process_memory_win.cc(73)] ReadMemory at 0x233798cc730 of 132 bytes failed: Only part of a ReadProcessMemory or WriteProcessMemory request was completed. (0x12B)
[0910/075618.359:ERROR:process_memory_win.cc(73)] ReadMemory at 0x233798cd110 of 132 bytes failed: Only part of a ReadProcessMemory or WriteProcessMemory request was completed. (0x12B)
[0910/075618.359:ERROR:process_memory_win.cc(73)] ReadMemory at 0x233798cebf0 of 80 bytes failed: Only part of a ReadProcessMemory or WriteProcessMemory request was completed. (0x12B)
[0910/075618.360:ERROR:process_memory_win.cc(73)] ReadMemory at 0x233798cf430 of 76 bytes failed: Only part of a ReadProcessMemory or WriteProcessMemory request was completed. (0x12B)
[0910/075618.361:ERROR:process_memory_win.cc(73)] ReadMemory at 0x233798cfb70 of 132 bytes failed: Only part of a ReadProcessMemory or WriteProcessMemory request was completed. (0x12B)
[0910/075618.362:ERROR:process_memory_win.cc(73)] ReadMemory at 0x233798d0c90 of 62 bytes failed: Only part of a ReadProcessMemory or WriteProcessMemory request was completed. (0x12B)
[0910/075618.363:ERROR:process_memory_win.cc(73)] ReadMemory at 0x233798d0dd0 of 62 bytes failed: Only part of a ReadProcessMemory or WriteProcessMemory request was completed. (0x12B)
[0910/075618.365:ERROR:process_memory_win.cc(73)] ReadMemory at 0x233798d10f0 of 64 bytes failed: Only part of a ReadProcessMemory or WriteProcessMemory request was completed. (0x12B)
[0910/075618.366:ERROR:process_memory_win.cc(73)] ReadMemory at 0x233798d1140 of 66 bytes failed: Only part of a ReadProcessMemory or WriteProcessMemory request was completed. (0x12B)
[0910/075618.367:ERROR:process_memory_win.cc(73)] ReadMemory at 0x233798d1190 of 64 bytes failed: Only part of a ReadProcessMemory or WriteProcessMemory request was completed. (0x12B)
[0910/075618.367:ERROR:process_memory_win.cc(73)] ReadMemory at 0x233798d12d0 of 60 bytes failed: Only part of a ReadProcessMemory or WriteProcessMemory request was completed. (0x12B)
[0910/075618.368:ERROR:process_memory_win.cc(73)] ReadMemory at 0x233798d1320 of 62 bytes failed: Only part of a ReadProcessMemory or WriteProcessMemory request was completed. (0x12B)
[0910/075618.368:ERROR:process_memory_win.cc(73)] ReadMemory at 0x233798d13c0 of 64 bytes failed: Only part of a ReadProcessMemory or WriteProcessMemory request was completed. (0x12B)
[0910/075618.369:ERROR:process_memory_win.cc(73)] ReadMemory at 0x233798d15a0 of 60 bytes failed: Only part of a ReadProcessMemory or WriteProcessMemory request was completed. (0x12B)
[0910/075618.370:ERROR:process_memory_win.cc(73)] ReadMemory at 0x233798d1820 of 64 bytes failed: Only part of a ReadProcessMemory or WriteProcessMemory request was completed. (0x12B)
[0910/075618.371:ERROR:process_memory_win.cc(73)] ReadMemory at 0x233798d1a00 of 58 bytes failed: Only part of a ReadProcessMemory or WriteProcessMemory request was completed. (0x12B)
[0910/075618.371:ERROR:process_memory_win.cc(73)] ReadMemory at 0x233798d1aa0 of 62 bytes failed: Only part of a ReadProcessMemory or WriteProcessMemory request was completed. (0x12B)
[0910/075618.372:ERROR:process_memory_win.cc(73)] ReadMemory at 0x233798d1b40 of 60 bytes failed: Only part of a ReadProcessMemory or WriteProcessMemory request was completed. (0x12B)
[0910/075618.372:ERROR:process_memory_win.cc(73)] ReadMemory at 0x233798d1b90 of 64 bytes failed: Only part of a ReadProcessMemory or WriteProcessMemory request was completed. (0x12B)
[0910/075618.373:ERROR:process_memory_win.cc(73)] ReadMemory at 0x233798d41b0 of 132 bytes failed: Only part of a ReadProcessMemory or WriteProcessMemory request was completed. (0x12B)
[0910/075618.373:ERROR:process_memory_win.cc(73)] ReadMemory at 0x233798d57c0 of 132 bytes failed: Only part of a ReadProcessMemory or WriteProcessMemory request was completed. (0x12B)
[0910/075618.373:ERROR:process_memory_win.cc(73)] ReadMemory at 0x233798d59e0 of 132 bytes failed: Only part of a ReadProcessMemory or WriteProcessMemory request was completed. (0x12B)
[0910/075618.374:ERROR:process_memory_win.cc(73)] ReadMemory at 0x233798d5d40 of 132 bytes failed: Only part of a ReadProcessMemory or WriteProcessMemory request was completed. (0x12B)
[0910/075618.374:ERROR:process_memory_win.cc(73)] ReadMemory at 0x233798da820 of 132 bytes failed: Only part of a ReadProcessMemory or WriteProcessMemory request was completed. (0x12B)
[0910/075618.388:ERROR:process_memory_win.cc(73)] ReadMemory at 0x233798db020 of 132 bytes failed: Only part of a ReadProcessMemory or WriteProcessMemory request was completed. (0x12B)
[0910/075618.389:ERROR:process_memory_win.cc(73)] ReadMemory at 0x233798db150 of 132 bytes failed: Only part of a ReadProcessMemory or WriteProcessMemory request was completed. (0x12B)
[0910/075618.389:ERROR:process_memory_win.cc(73)] ReadMemory at 0x233798db280 of 132 bytes failed: Only part of a ReadProcessMemory or WriteProcessMemory request was completed. (0x12B)
[0910/075618.389:ERROR:process_memory_win.cc(73)] ReadMemory at 0x233798db3b0 of 132 bytes failed: Only part of a ReadProcessMemory or WriteProcessMemory request was completed. (0x12B)
[0910/075618.390:ERROR:process_memory_win.cc(73)] ReadMemory at 0x233798db4e0 of 132 bytes failed: Only part of a ReadProcessMemory or WriteProcessMemory request was completed. (0x12B)
[0910/075618.390:ERROR:process_memory_win.cc(73)] ReadMemory at 0x233798db610 of 132 bytes failed: Only part of a ReadProcessMemory or WriteProcessMemory request was completed. (0x12B)
[0910/075618.390:ERROR:process_memory_win.cc(73)] ReadMemory at 0x233798db740 of 132 bytes failed: Only part of a ReadProcessMemory or WriteProcessMemory request was completed. (0x12B)
[0910/075618.390:ERROR:process_memory_win.cc(73)] ReadMemory at 0x233798db870 of 132 bytes failed: Only part of a ReadProcessMemory or WriteProcessMemory request was completed. (0x12B)
[0910/075618.391:ERROR:process_memory_win.cc(73)] ReadMemory at 0x233798db9a0 of 132 bytes failed: Only part of a ReadProcessMemory or WriteProcessMemory request was completed. (0x12B)
[0910/075618.391:ERROR:process_memory_win.cc(73)] ReadMemory at 0x233798dbc00 of 132 bytes failed: Only part of a ReadProcessMemory or WriteProcessMemory request was completed. (0x12B)
[0910/075618.391:ERROR:process_memory_win.cc(73)] ReadMemory at 0x233798dbd30 of 132 bytes failed: Only part of a ReadProcessMemory or WriteProcessMemory request was completed. (0x12B)
[0910/075618.391:ERROR:process_memory_win.cc(73)] ReadMemory at 0x233798dbe60 of 132 bytes failed: Only part of a ReadProcessMemory or WriteProcessMemory request was completed. (0x12B)
[0910/075618.392:ERROR:process_memory_win.cc(73)] ReadMemory at 0x233798dc2e0 of 132 bytes failed: Only part of a ReadProcessMemory or WriteProcessMemory request was completed. (0x12B)
[0910/075618.392:ERROR:process_memory_win.cc(73)] ReadMemory at 0x233798dc670 of 132 bytes failed: Only part of a ReadProcessMemory or WriteProcessMemory request was completed. (0x12B)
[0910/075618.392:ERROR:process_memory_win.cc(73)] ReadMemory at 0x233798dc7a0 of 132 bytes failed: Only part of a ReadProcessMemory or WriteProcessMemory request was completed. (0x12B)
[0910/075618.392:ERROR:process_memory_win.cc(73)] ReadMemory at 0x233798dc8d0 of 132 bytes failed: Only part of a ReadProcessMemory or WriteProcessMemory request was completed. (0x12B)
[0910/075618.393:ERROR:process_memory_win.cc(73)] ReadMemory at 0x233798dcc60 of 132 bytes failed: Only part of a ReadProcessMemory or WriteProcessMemory request was completed. (0x12B)
[0910/075618.393:ERROR:process_memory_win.cc(73)] ReadMemory at 0x233798dcff0 of 132 bytes failed: Only part of a ReadProcessMemory or WriteProcessMemory request was completed. (0x12B)
[0910/075618.393:ERROR:process_memory_win.cc(73)] ReadMemory at 0x233798dd380 of 132 bytes failed: Only part of a ReadProcessMemory or WriteProcessMemory request was completed. (0x12B)
[0910/075618.393:ERROR:process_memory_win.cc(73)] ReadMemory at 0x233798dd5e0 of 132 bytes failed: Only part of a ReadProcessMemory or WriteProcessMemory request was completed. (0x12B)
[0910/075618.394:ERROR:process_memory_win.cc(73)] ReadMemory at 0x233798dd970 of 132 bytes failed: Only part of a ReadProcessMemory or WriteProcessMemory request was completed. (0x12B)
[0910/075618.394:ERROR:process_memory_win.cc(73)] ReadMemory at 0x233798de090 of 132 bytes failed: Only part of a ReadProcessMemory or WriteProcessMemory request was completed. (0x12B)
[0910/075618.394:ERROR:process_memory_win.cc(73)] ReadMemory at 0x233798df000 of 62 bytes failed: Only part of a ReadProcessMemory or WriteProcessMemory request was completed. (0x12B)
[0910/075618.394:ERROR:process_memory_win.cc(73)] ReadMemory at 0x233798df140 of 62 bytes failed: Only part of a ReadProcessMemory or WriteProcessMemory request was completed. (0x12B)
[0910/075618.395:ERROR:process_memory_win.cc(73)] ReadMemory at 0x233798df2d0 of 62 bytes failed: Only part of a ReadProcessMemory or WriteProcessMemory request was completed. (0x12B)
[0910/075618.395:ERROR:process_memory_win.cc(73)] ReadMemory at 0x233798df370 of 64 bytes failed: Only part of a ReadProcessMemory or WriteProcessMemory request was completed. (0x12B)
[0910/075618.395:ERROR:process_memory_win.cc(73)] ReadMemory at 0x233798df690 of 60 bytes failed: Only part of a ReadProcessMemory or WriteProcessMemory request was completed. (0x12B)
[0910/075618.395:ERROR:process_memory_win.cc(73)] ReadMemory at 0x233798df780 of 60 bytes failed: Only part of a ReadProcessMemory or WriteProcessMemory request was completed. (0x12B)
[0910/075618.396:ERROR:process_memory_win.cc(73)] ReadMemory at 0x233798df7d0 of 66 bytes failed: Only part of a ReadProcessMemory or WriteProcessMemory request was completed. (0x12B)
[0910/075618.396:ERROR:process_memory_win.cc(73)] ReadMemory at 0x233798df870 of 64 bytes failed: Only part of a ReadProcessMemory or WriteProcessMemory request was completed. (0x12B)
[0910/075618.449:ERROR:process_memory_win.cc(73)] ReadMemory at 0x233798dfb90 of 62 bytes failed: Only part of a ReadProcessMemory or WriteProcessMemory request was completed. (0x12B)
[0910/075618.450:ERROR:process_memory_win.cc(73)] ReadMemory at 0x233798dfbe0 of 60 bytes failed: Only part of a ReadProcessMemory or WriteProcessMemory request was completed. (0x12B)
[0910/075618.450:ERROR:process_memory_win.cc(73)] ReadMemory at 0x233798dfc30 of 62 bytes failed: Only part of a ReadProcessMemory or WriteProcessMemory request was completed. (0x12B)
[0910/075618.450:ERROR:process_memory_win.cc(73)] ReadMemory at 0x233798dfe10 of 62 bytes failed: Only part of a ReadProcessMemory or WriteProcessMemory request was completed. (0x12B)
[0910/075618.450:ERROR:process_memory_win.cc(73)] ReadMemory at 0x233798dfe60 of 64 bytes failed: Only part of a ReadProcessMemory or WriteProcessMemory request was completed. (0x12B)
[0910/075618.451:ERROR:process_memory_win.cc(73)] ReadMemory at 0x233798f42c0 of 512 bytes failed: Only part of a ReadProcessMemory or WriteProcessMemory request was completed. (0x12B)
[0910/075618.451:ERROR:process_memory_win.cc(73)] ReadMemory at 0x2337992bd60 of 512 bytes failed: Only part of a ReadProcessMemory or WriteProcessMemory request was completed. (0x12B)
[0910/075618.451:ERROR:process_memory_win.cc(73)] ReadMemory at 0x2337992c5e0 of 512 bytes failed: Only part of a ReadProcessMemory or WriteProcessMemory request was completed. (0x12B)
[0910/075618.451:ERROR:process_memory_win.cc(73)] ReadMemory at 0x233799516f0 of 512 bytes failed: Only part of a ReadProcessMemory or WriteProcessMemory request was completed. (0x12B)
[0910/075618.451:ERROR:process_memory_win.cc(73)] ReadMemory at 0x233799540e0 of 712 bytes failed: Only part of a ReadProcessMemory or WriteProcessMemory request was completed. (0x12B)
[0910/075618.452:ERROR:process_memory_win.cc(73)] ReadMemory at 0x23379955e10 of 512 bytes failed: Only part of a ReadProcessMemory or WriteProcessMemory request was completed. (0x12B)
[0910/075618.452:ERROR:process_memory_win.cc(73)] ReadMemory at 0xc8000000000 of 384 bytes failed: Only part of a ReadProcessMemory or WriteProcessMemory request was completed. (0x12B)
[0910/075618.452:ERROR:process_memory_win.cc(73)] ReadMemory at 0xc800000a508 of 512 bytes failed: Only part of a ReadProcessMemory or WriteProcessMemory request was completed. (0x12B)
[0910/075618.452:ERROR:process_memory_win.cc(73)] ReadMemory at 0xc8008241c49 of 512 bytes failed: Only part of a ReadProcessMemory or WriteProcessMemory request was completed. (0x12B)
[0910/075618.452:ERROR:process_memory_win.cc(73)] ReadMemory at 0xc8009f649f0 of 512 bytes failed: Only part of a ReadProcessMemory or WriteProcessMemory request was completed. (0x12B)
[0910/075618.453:ERROR:process_memory_win.cc(73)] ReadMemory at 0xc800a2a2c9d of 512 bytes failed: Only part of a ReadProcessMemory or WriteProcessMemory request was completed. (0x12B)
[0910/075618.453:ERROR:process_memory_win.cc(73)] ReadMemory at 0xc8015c64f15 of 512 bytes failed: Only part of a ReadProcessMemory or WriteProcessMemory request was completed. (0x12B)
[0910/075618.453:ERROR:process_memory_win.cc(73)] ReadMemory at 0xc803aaf6e35 of 512 bytes failed: Only part of a ReadProcessMemory or WriteProcessMemory request was completed. (0x12B)
[0910/075618.453:ERROR:process_memory_win.cc(73)] ReadMemory at 0xc803aaff318 of 512 bytes failed: Only part of a ReadProcessMemory or WriteProcessMemory request was completed. (0x12B)
[0910/075618.454:ERROR:process_memory_win.cc(73)] ReadMemory at 0x7ffe05cfd6ad of 512 bytes failed: Only part of a ReadProcessMemory or WriteProcessMemory request was completed. (0x12B)
[0910/075618.454:ERROR:process_memory_win.cc(73)] ReadMemory at 0x7ffe070aa010 of 512 bytes failed: Only part of a ReadProcessMemory or WriteProcessMemory request was completed. (0x12B)
[0910/075618.454:ERROR:process_memory_win.cc(73)] ReadMemory at 0x7ffe1e205160 of 512 bytes failed: Only part of a ReadProcessMemory or WriteProcessMemory request was completed. (0x12B)
[0910/075618.454:ERROR:process_memory_win.cc(73)] ReadMemory at 0x7ffe1e205867 of 512 bytes failed: Only part of a ReadProcessMemory or WriteProcessMemory request was completed. (0x12B)
[0910/075618.454:ERROR:process_memory_win.cc(73)] ReadMemory at 0x7ffe486f1f80 of 512 bytes failed: Only part of a ReadProcessMemory or WriteProcessMemory request was completed. (0x12B)
[0910/075618.455:ERROR:process_memory_win.cc(73)] ReadMemory at 0x7ffe498fc074 of 672 bytes failed: Only part of a ReadProcessMemory or WriteProcessMemory request was completed. (0x12B)
[0910/075618.455:ERROR:process_memory_win.cc(73)] ReadMemory at 0x7ffe498ff924 of 608 bytes failed: Only part of a ReadProcessMemory or WriteProcessMemory request was completed. (0x12B)
[0910/075618.455:ERROR:process_memory_win.cc(73)] ReadMemory at 0x7ffe4998c428 of 18 bytes failed: Only part of a ReadProcessMemory or WriteProcessMemory request was completed. (0x12B)
[0910/075618.455:ERROR:process_memory_win.cc(73)] ReadMemory at 0x7ffe499bf4f8 of 40 bytes failed: Only part of a ReadProcessMemory or WriteProcessMemory request was completed. (0x12B)
[0910/075618.455:ERROR:process_memory_win.cc(73)] ReadMemory at 0x7ffe499bf978 of 48 bytes failed: Only part of a ReadProcessMemory or WriteProcessMemory request was completed. (0x12B)
[0910/075618.456:ERROR:process_memory_win.cc(73)] ReadMemory at 0x7ffe499c53c0 of 64 bytes failed: Only part of a ReadProcessMemory or WriteProcessMemory request was completed. (0x12B)
[0910/075618.504:ERROR:scoped_process_suspend.cc(40)] NtResumeProcess: An attempt was made to access an exiting process. (0xc000010a)
[0912/120247.335:ERROR:settings.cc(320)] Settings magic is not 1129342067
